This is XeTeX, Version 3.1415926-2.2-0.9997.4 (TeX Live 2010/Arch Linux) (format=xelatex 2011.9.11)  13 SEP 2011 20:37
entering extended mode
 restricted \write18 enabled.
 %&-line parsing enabled.
**Î Ï„Ï…Ï‡Î¹Î±ÎºÎ®Î•ÏÎ³Î±ÏƒÎ¯Î±.tex
(./Î Ï„Ï…Ï‡Î¹Î±ÎºÎ®Î•ÏÎ³Î±ÏƒÎ¯Î±.tex
LaTeX2e <2009/09/24>
Babel <v3.8l> and hyphenation patterns for english, dumylang, nohyphenation, ge
rman-x-2009-06-19, ngerman-x-2009-06-19, afrikaans, ancientgreek, ibycus, arabi
c, armenian, basque, bulgarian, catalan, pinyin, coptic, croatian, czech, danis
h, dutch, ukenglish, usenglishmax, esperanto, estonian, farsi, finnish, french,
 galician, german, ngerman, swissgerman, monogreek, greek, hungarian, icelandic
, assamese, bengali, gujarati, hindi, kannada, malayalam, marathi, oriya, panja
bi, tamil, telugu, indonesian, interlingua, irish, italian, kurmanji, lao, lati
n, latvian, lithuanian, mongolian, mongolianlmc, bokmal, nynorsk, polish, portu
guese, romanian, russian, sanskrit, serbian, slovak, slovenian, spanish, swedis
h, turkish, turkmen, ukrainian, uppersorbian, welsh, loaded.
(/usr/share/texmf-dist/tex/latex/base/article.cls
Document Class: article 2007/10/19 v1.4h Standard LaTeX document class
(/usr/share/texmf-dist/tex/latex/base/size12.clo
File: size12.clo 2007/10/19 v1.4h Standard LaTeX file (size option)
)
\c@part=\count80
\c@section=\count81
\c@subsection=\count82
\c@subsubsection=\count83
\c@paragraph=\count84
\c@subparagraph=\count85
\c@figure=\count86
\c@table=\count87
\abovecaptionskip=\skip41
\belowcaptionskip=\skip42
\bibindent=\dimen102
)
(/usr/share/texmf-dist/tex/latex/fontspec/fontspec.sty
Package: fontspec 2011/02/26 v2.1f Advanced font selection for XeLaTeX/LuaLaTeX


(/usr/share/texmf-dist/tex/latex/expl3/expl3.sty
(/usr/share/texmf-dist/tex/latex/expl3/l3names.sty
Package: l3names 2011/01/08 v2122 L3 Experimental Naming Scheme for TeX Primiti
ves
)
Package: expl3 2011/02/17 v2156 L3 Experimental code bundle wrapper

(/usr/share/texmf-dist/tex/latex/etex-pkg/etex.sty
Package: etex 1998/03/26 v2.0 eTeX basic definition package (PEB)
\et@xins=\count88
)
(/usr/share/texmf-dist/tex/latex/expl3/l3basics.sty
Package: l3basics 2011/02/26 v2158 L3 Experimental basic definitions
)
(/usr/share/texmf-dist/tex/latex/expl3/l3expan.sty
Package: l3expan 2010/09/20 v2037 L3 Experimental Argument Expansion module
)
(/usr/share/texmf-dist/tex/latex/expl3/l3tl.sty
Package: l3tl 2011/03/07 v2184 L3 Experimental Token Lists
)
(/usr/share/texmf-dist/tex/latex/expl3/l3int.sty
Package: l3int 2011/03/06 v2178 L3 Experimental Integer module
\l_tmpa_int=\count89
\l_tmpb_int=\count90
\l_tmpc_int=\count91
\g_tmpa_int=\count92
\g_tmpb_int=\count93
\c_max_int=\count94
\g_tl_inline_level_int=\count95
\g_prg_inline_level_int=\count96
)
(/usr/share/texmf-dist/tex/latex/expl3/l3quark.sty
Package: l3quark 2011/03/03 v2172 L3 Experimental Quark Commands
)
(/usr/share/texmf-dist/tex/latex/expl3/l3seq.sty
Package: l3seq 2010/03/29 v1879 L3 Experimental sequences and stacks
)
(/usr/share/texmf-dist/tex/latex/expl3/l3toks.sty
Package: l3toks 2010/09/20 v2037 L3 Experimental Token Registers
\l_tmpb_toks=\toks14
\l_tmpc_toks=\toks15
\g_tmpa_toks=\toks16
\g_tmpb_toks=\toks17
\g_tmpc_toks=\toks18
\c_empty_toks=\toks19
\l_tl_replace_toks=\toks20
)
(/usr/share/texmf-dist/tex/latex/expl3/l3prg.sty
Package: l3prg 2011/03/06 v2178 L3 Experimental control structures
)
(/usr/share/texmf-dist/tex/latex/expl3/l3clist.sty
Package: l3clist 2011/03/06 v2178 L3 Experimental comma separated lists
\g_clist_map_inline_int=\count97
)
(/usr/share/texmf-dist/tex/latex/expl3/l3token.sty
Package: l3token 2011/02/16 v2151 L3 Experimental token investigation and manip
ulation
)
(/usr/share/texmf-dist/tex/latex/expl3/l3prop.sty
Package: l3prop 2010/11/23 v2087 L3 Experimental Property Lists
\g_prop_inline_level_int=\count98
)
(/usr/share/texmf-dist/tex/latex/expl3/l3msg.sty
Package: l3msg 2010/10/02 v2052 L3 Experimental LaTeX Messages module
\l_msg_redirect_classes_prop=\toks21
\l_msg_redirect_names_prop=\toks22
\l_msg_redirect_fatal_prop=\toks23
\l_msg_redirect_error_prop=\toks24
\l_msg_redirect_warning_prop=\toks25
\l_msg_redirect_info_prop=\toks26
\l_msg_redirect_log_prop=\toks27
\l_msg_redirect_trace_prop=\toks28
\l_msg_redirect_none_prop=\toks29
)
(/usr/share/texmf-dist/tex/latex/expl3/l3io.sty
Package: l3io 2010/10/03 v2063 L3 Experimental i/o module
\g_iow_streams_prop=\toks30
\g_ior_streams_prop=\toks31
\l_iow_stream_int=\count99
)
(/usr/share/texmf-dist/tex/latex/expl3/l3skip.sty
Package: l3skip 2011/02/15 v2149 L3 Experimental skip registers
\l_tmpa_skip=\skip43
\l_tmpb_skip=\skip44
\l_tmpc_skip=\skip45
\g_tmpa_skip=\skip46
\g_tmpb_skip=\skip47
\l_tmpa_dim=\dimen103
\l_tmpb_dim=\dimen104
\l_tmpc_dim=\dimen105
\l_tmpd_dim=\dimen106
\g_tmpa_dim=\dimen107
\g_tmpb_dim=\dimen108
)
(/usr/share/texmf-dist/tex/latex/expl3/l3box.sty
Package: l3box 2011/03/06 v2178 L3 Experimental Box module
\l_tmpb_box=\box26
)
(/usr/share/texmf-dist/tex/latex/expl3/l3keyval.sty
Package: l3keyval 2010/04/11 v1890 L3 Experimental keyval processing
\l_KV_level_int=\count100
)
(/usr/share/texmf-dist/tex/latex/expl3/l3keys.sty
Package: l3keys 2010/11/11 v2082 L3 Experimental key-value support
\l_keys_choice_int=\count101
)
(/usr/share/texmf-dist/tex/latex/expl3/l3precom.sty
Package: l3precom 2010/02/09 v1793 L3 Experimental precompilation module
\g_gen_sym_int=\count102
\g_ggen_sym_int=\count103
)
(/usr/share/texmf-dist/tex/latex/expl3/l3xref.sty
Package: l3xref 2011/02/16 v2151 L3 Experimental cross referencing
\g_xref_all_curr_immediate_fields_prop=\toks32
\g_xref_all_curr_deferred_fields_prop=\toks33
)
(/usr/share/texmf-dist/tex/latex/expl3/l3file.sty
Package: l3file 2010/03/21 v1853 L3 Experimental file loading
)
(/usr/share/texmf-dist/tex/latex/expl3/l3fp.sty
Package: l3fp 2011/03/06 v2178 L3 Experimental floating-point operations
\c_one_million=\count104
\c_one_hundred_million=\count105
\c_five_hundred_million=\count106
\c_one_thousand_million=\count107
\c_fp_pi_by_four_decimal_int=\count108
\c_fp_pi_by_four_extended_int=\count109
\c_fp_pi_decimal_int=\count110
\c_fp_pi_extended_int=\count111
\c_fp_two_pi_decimal_int=\count112
\c_fp_two_pi_extended_int=\count113
\l_fp_count_int=\count114
\l_fp_div_offset_int=\count115
\l_fp_exp_integer_int=\count116
\l_fp_exp_decimal_int=\count117
\l_fp_exp_extended_int=\count118
\l_fp_exp_exponent_int=\count119
\l_fp_input_a_sign_int=\count120
\l_fp_input_a_integer_int=\count121
\l_fp_input_a_decimal_int=\count122
\l_fp_input_a_exponent_int=\count123
\l_fp_input_b_sign_int=\count124
\l_fp_input_b_integer_int=\count125
\l_fp_input_b_decimal_int=\count126
\l_fp_input_b_exponent_int=\count127
\l_fp_input_a_extended_int=\count128
\l_fp_input_b_extended_int=\count129
\l_fp_mul_a_i_int=\count130
\l_fp_mul_a_ii_int=\count131
\l_fp_mul_a_iii_int=\count132
\l_fp_mul_a_iv_int=\count133
\l_fp_mul_a_v_int=\count134
\l_fp_mul_a_vi_int=\count135
\l_fp_mul_b_i_int=\count136
\l_fp_mul_b_ii_int=\count137
\l_fp_mul_b_iii_int=\count138
\l_fp_mul_b_iv_int=\count139
\l_fp_mul_b_v_int=\count140
\l_fp_mul_b_vi_int=\count141
\l_fp_mul_output_int=\count142
\l_fp_output_sign_int=\count143
\l_fp_output_integer_int=\count144
\l_fp_output_decimal_int=\count145
\l_fp_output_exponent_int=\count146
\l_fp_output_extended_int=\count147
\l_fp_round_position_int=\count148
\l_fp_round_target_int=\count149
\l_fp_split_sign_int=\count150
\l_fp_tmp_int=\count151
\l_fp_trig_octant_int=\count152
\l_fp_trig_sign_int=\count153
\l_fp_trig_decimal_int=\count154
\l_fp_trig_extended_int=\count155
\l_fp_tmp_dim=\dimen109
\l_fp_tmp_skip=\skip48
)
(/usr/share/texmf-dist/tex/latex/expl3/l3luatex.sty
Package: l3luatex 2010/07/18 v1985 L3 Experimental LuaTeX functions
\g_cctab_allocate_int=\count156
\g_cctab_stack_int=\count157
)
(/usr/share/texmf-dist/tex/latex/expl3/l3font.sty
Package: l3font 2011/03/03 v2175 L3 Experimental Font Loading
)
(/usr/share/texmf-dist/tex/latex/tools/calc.sty
Package: calc 2007/08/22 v4.3 Infix arithmetic (KKT,FJ)
\calc@Acount=\count158
\calc@Bcount=\count159
\calc@Adimen=\dimen110
\calc@Bdimen=\dimen111
\calc@Askip=\skip49
\calc@Bskip=\skip50
LaTeX Info: Redefining \setlength on input line 76.
LaTeX Info: Redefining \addtolength on input line 77.
\calc@Ccount=\count160
\calc@Cskip=\skip51
))
(/usr/share/texmf-dist/tex/latex/xpackages/xbase/xparse.sty
Package: xparse 2011/01/23 v2136 Generic document command parser
\c_xparse_shorthands_prop=\toks34
\l_xparse_m_args_int=\count161
\l_xparse_mandatory_args_int=\count162
\l_xparse_processor_int=\count163
\l_xparse_total_args_int=\count164
)
(/usr/share/texmf-dist/tex/generic/kastrup/binhex.tex)
\l_fontspec_script_int=\count165
\l_fontspec_language_int=\count166
\l_fontspec_strnum_int=\count167
Variant \tl_gset:cV already defined; not changing it on line 83

 fontspec warning: The "cm-default" package option is obsolete.

(/usr/share/texmf-dist/tex/latex/xkeyval/xkeyval.sty
Package: xkeyval 2008/08/13 v2.6a package option processing (HA)

(/usr/share/texmf-dist/tex/generic/xkeyval/xkeyval.tex
\XKV@toks=\toks35
\XKV@tempa@toks=\toks36
\XKV@depth=\count168
File: xkeyval.tex 2008/08/13 v2.6a key=value parser (HA)

(/usr/share/texmf-dist/tex/generic/xkeyval/keyval.tex)))
(/usr/share/texmf-dist/tex/latex/fontspec/fontspec-patches.sty
Package: fontspec-patches 2011/02/26 v2.1f Advanced font selection for XeLaTeX/
LuaLaTeX

(/usr/share/texmf-dist/tex/latex/base/fixltx2e.sty
Package: fixltx2e 2006/09/13 v1.1m fixes to LaTeX
LaTeX Info: Redefining \em on input line 420.
)
LaTeX Info: Redefining \em on input line 22.
LaTeX Info: Redefining \emph on input line 29.
LaTeX Info: Redefining \- on input line 32.
)
(/usr/share/texmf-dist/tex/latex/base/fontenc.sty
Package: fontenc 2005/09/27 v1.99g Standard LaTeX package

(/usr/share/texmf-dist/tex/latex/euenc/eu1enc.def
File: eu1enc.def 2010/05/27 v0.1h Experimental Unicode font encodings
)
LaTeX Font Info:    Try loading font information for EU1+lmr on input line 100.


(/usr/share/texmf-dist/tex/latex/euenc/eu1lmr.fd
File: eu1lmr.fd 2009/10/30 v1.6 Font defs for Latin Modern
))
(/usr/share/texmf-dist/tex/xelatex/xunicode/xunicode.sty
File: xunicode.sty 2010/11/06 v0.96 provides access to latin accents and many o
ther characters in Unicode lower plane
)
 LaTeX info: Defining document command \fontspec
(LaTeX)  with arg. spec. 'O{}m' on line 335.

 LaTeX info: Defining document command \setmainfont
(LaTeX)  with arg. spec. 'O{}m' on line 339.

 LaTeX info: Defining document command \setsansfont
(LaTeX)  with arg. spec. 'O{}m' on line 343.

 LaTeX info: Defining document command \setmonofont
(LaTeX)  with arg. spec. 'O{}m' on line 347.

 LaTeX info: Defining document command \setmathrm
(LaTeX)  with arg. spec. 'O{}m' on line 351.

 LaTeX info: Defining document command \setboldmathrm
(LaTeX)  with arg. spec. 'O{}m' on line 354.

 LaTeX info: Defining document command \setmathsf
(LaTeX)  with arg. spec. 'O{}m' on line 357.

 LaTeX info: Defining document command \setmathtt
(LaTeX)  with arg. spec. 'O{}m' on line 360.

 LaTeX info: Defining document command \newfontfamily
(LaTeX)  with arg. spec. 'mO{}m' on line 377.

 LaTeX info: Defining document command \newfontface
(LaTeX)  with arg. spec. 'mO{}m' on line 380.

 LaTeX info: Defining document command \defaultfontfeatures
(LaTeX)  with arg. spec. 'm' on line 383.

 LaTeX info: Defining document command \addfontfeatures
(LaTeX)  with arg. spec. 'm' on line 400.

 LaTeX info: Defining document command \newfontfeature
(LaTeX)  with arg. spec. 'mm' on line 407.

 LaTeX info: Defining document command \newAATfeature
(LaTeX)  with arg. spec. 'mmmm' on line 416.

 LaTeX info: Defining document command \newICUfeature
(LaTeX)  with arg. spec. 'mmm' on line 425.

 LaTeX info: Defining document command \aliasfontfeature
(LaTeX)  with arg. spec. 'mm' on line 427.

 LaTeX info: Defining document command \aliasfontfeatureoption
(LaTeX)  with arg. spec. 'mmm' on line 430.

 LaTeX info: Defining document command \newfontscript
(LaTeX)  with arg. spec. 'mm' on line 435.

 LaTeX info: Defining document command \newfontlanguage
(LaTeX)  with arg. spec. 'mm' on line 457.

 LaTeX info: Defining document command \DeclareFontsExtensions
(LaTeX)  with arg. spec. 'm' on line 474.

\c@fontspec_tmp_int=\count169
LaTeX Info: Redefining \itshape on input line 2105.
LaTeX Info: Redefining \slshape on input line 2109.
LaTeX Info: Redefining \scshape on input line 2113.
LaTeX Info: Redefining \upshape on input line 2117.

(/usr/share/texmf-dist/tex/latex/fontspec/fontspec.cfg))
(/usr/share/texmf-dist/tex/latex/xltxtra/xltxtra.sty
Package: xltxtra 2010/09/20 v0.5e Improvements for the "XeLaTeX" format

(/usr/share/texmf-dist/tex/generic/oberdiek/ifluatex.sty
Package: ifluatex 2010/03/01 v1.3 Provides the ifluatex switch (HO)
Package ifluatex Info: LuaTeX not detected.
)
(/usr/share/texmf-dist/tex/generic/ifxetex/ifxetex.sty
Package: ifxetex 2010/09/12 v0.6 Provides ifxetex conditional
)
(/usr/share/texmf-dist/tex/latex/realscripts/realscripts.sty
Package: realscripts 2010/09/30 v0.3 Access OpenType subscripts and superscript
s
 LaTeX info: Defining document command \fakesubscript
(LaTeX)  with arg. spec. 'm' on line 19.

 LaTeX info: Defining document command \fakesuperscript
(LaTeX)  with arg. spec. 'm' on line 22.

 LaTeX info: Redefining document command \textsubscript
(LaTeX)  with arg. spec. 's' on line 25.

 LaTeX info: Redefining document command \textsuperscript
(LaTeX)  with arg. spec. 's' on line 28.

 LaTeX info: Defining document command \realsubscript
(LaTeX)  with arg. spec. 'm' on line 45.

 LaTeX info: Defining document command \realsuperscript
(LaTeX)  with arg. spec. 'm' on line 60.

 LaTeX info: Defining document command \textsubsuperscript
(LaTeX)  with arg. spec. 'sO{l}mm' on line 137.

 LaTeX info: Defining document command \textsupersubscript
(LaTeX)  with arg. spec. 'sO{l}mm' on line 140.

\subsupersep=\dimen112
)
(/usr/share/texmf-dist/tex/latex/metalogo/metalogo.sty
Package: metalogo 2010/05/29 v0.12 Extended TeX logo macros

(/usr/share/texmf-dist/tex/latex/graphics/graphicx.sty
Package: graphicx 1999/02/16 v1.0f Enhanced LaTeX Graphics (DPC,SPQR)

(/usr/share/texmf-dist/tex/latex/graphics/graphics.sty
Package: graphics 2009/02/05 v1.0o Standard LaTeX Graphics (DPC,SPQR)

(/usr/share/texmf-dist/tex/latex/graphics/trig.sty
Package: trig 1999/03/16 v1.09 sin cos tan (DPC)
)
(/usr/share/texmf-dist/tex/latex/latexconfig/graphics.cfg
File: graphics.cfg 2010/04/23 v1.9 graphics configuration of TeX Live
)
Package graphics Info: Driver file: xetex.def on input line 91.

(/usr/share/texmf-dist/tex/xelatex/xetex-def/xetex.def
File: xetex.def 2009/11/22 v0.94 LaTeX color/graphics driver for XeTeX (RRM/JK)

))
\Gin@req@height=\dimen113
\Gin@req@width=\dimen114
)
\xl@everylogo=\toks37
\xl@@everylogo=\toks38
LaTeX Info: Redefining \TeX on input line 193.
LaTeX Info: Redefining \LaTeX on input line 202.
LaTeX Info: Redefining \LaTeXe on input line 219.
)
\xxt@tempbox=\box27
)
(/usr/share/texmf-dist/tex/latex/cite/cite.sty
LaTeX Info: Redefining \cite on input line 302.
LaTeX Info: Redefining \nocite on input line 373.
Package: cite 2010/09/10  v 5.3
)
\g_fontspec_family_DejaVu Sans_int=\count170
 fontspec info: Defining font family 'DejaVuSans(0)' for font 'DejaVu Sans' wit
h options [Mapping=tex-text].

\g_fontspec_DejaVuSans(0)_prop=\toks39
 fontspec info: Defining shape 'normal' with NFSS spec.:
(fontspec)  <->"DejaVu Sans/ICU:script=latn;language=DFLT;mapping=tex-text;"

 fontspec info: Defining shape 'bold' with NFSS spec.:
(fontspec)  <->"DejaVu Sans/B/ICU:script=latn;language=DFLT;mapping=tex-text;"

 fontspec info: Defining shape 'italic' with NFSS spec.:
(fontspec)  <->"DejaVu Sans/I/ICU:script=latn;language=DFLT;mapping=tex-text;"

 fontspec info: Defining shape 'bold italic' with NFSS spec.:
(fontspec)  <->"DejaVu Sans/BI/ICU:script=latn;language=DFLT;mapping=tex-text;"


 (./Î Ï„Ï…Ï‡Î¹Î±ÎºÎ®Î•ÏÎ³Î±ÏƒÎ¯Î±.aux)
\openout1 = `Î Ï„Ï…Ï‡Î¹Î±ÎºÎ®Î•ÏÎ³Î±ÏƒÎ¯Î±.aux'.

LaTeX Font Info:    Checking defaults for OML/cmm/m/it on input line 23.
LaTeX Font Info:    ... okay on input line 23.
LaTeX Font Info:    Checking defaults for T1/cmr/m/n on input line 23.
LaTeX Font Info:    ... okay on input line 23.
LaTeX Font Info:    Checking defaults for OT1/cmr/m/n on input line 23.
LaTeX Font Info:    ... okay on input line 23.
LaTeX Font Info:    Checking defaults for OMS/cmsy/m/n on input line 23.
LaTeX Font Info:    ... okay on input line 23.
LaTeX Font Info:    Checking defaults for OMX/cmex/m/n on input line 23.
LaTeX Font Info:    ... okay on input line 23.
LaTeX Font Info:    Checking defaults for U/cmr/m/n on input line 23.
LaTeX Font Info:    ... okay on input line 23.
LaTeX Font Info:    Checking defaults for EU1/lmr/m/n on input line 23.
LaTeX Font Info:    ... okay on input line 23.
 fontspec info: Adjusting the maths setup (use [no-math] to avoid this).

\symlegacymaths=\mathgroup4
LaTeX Font Info:    Overwriting symbol font `legacymaths' in version `bold'
(Font)                  OT1/cmr/m/n --> OT1/cmr/bx/n on input line 23.
LaTeX Font Info:    Redeclaring math accent \acute on input line 23.
LaTeX Font Info:    Redeclaring math accent \grave on input line 23.
LaTeX Font Info:    Redeclaring math accent \ddot on input line 23.
LaTeX Font Info:    Redeclaring math accent \tilde on input line 23.
LaTeX Font Info:    Redeclaring math accent \bar on input line 23.
LaTeX Font Info:    Redeclaring math accent \breve on input line 23.
LaTeX Font Info:    Redeclaring math accent \check on input line 23.
LaTeX Font Info:    Redeclaring math accent \hat on input line 23.
LaTeX Font Info:    Redeclaring math accent \dot on input line 23.
LaTeX Font Info:    Redeclaring math accent \mathring on input line 23.
LaTeX Font Info:    Redeclaring math symbol \colon on input line 23.
LaTeX Font Info:    Redeclaring math symbol \Gamma on input line 23.
LaTeX Font Info:    Redeclaring math symbol \Delta on input line 23.
LaTeX Font Info:    Redeclaring math symbol \Theta on input line 23.
LaTeX Font Info:    Redeclaring math symbol \Lambda on input line 23.
LaTeX Font Info:    Redeclaring math symbol \Xi on input line 23.
LaTeX Font Info:    Redeclaring math symbol \Pi on input line 23.
LaTeX Font Info:    Redeclaring math symbol \Sigma on input line 23.
LaTeX Font Info:    Redeclaring math symbol \Upsilon on input line 23.
LaTeX Font Info:    Redeclaring math symbol \Phi on input line 23.
LaTeX Font Info:    Redeclaring math symbol \Psi on input line 23.
LaTeX Font Info:    Redeclaring math symbol \Omega on input line 23.
LaTeX Font Info:    Redeclaring math symbol \mathdollar on input line 23.
LaTeX Font Info:    Redeclaring symbol font `operators' on input line 23.
LaTeX Font Info:    Encoding `OT1' has changed to `EU1' for symbol font
(Font)              `operators' in the math version `normal' on input line 23.
LaTeX Font Info:    Overwriting symbol font `operators' in version `normal'
(Font)                  OT1/cmr/m/n --> EU1/DejaVuSans(0)/m/n on input line 23.

LaTeX Font Info:    Encoding `OT1' has changed to `EU1' for symbol font
(Font)              `operators' in the math version `bold' on input line 23.
LaTeX Font Info:    Overwriting symbol font `operators' in version `bold'
(Font)                  OT1/cmr/bx/n --> EU1/DejaVuSans(0)/m/n on input line 23
.
LaTeX Font Info:    Overwriting symbol font `operators' in version `normal'
(Font)                  EU1/DejaVuSans(0)/m/n --> EU1/DejaVuSans(0)/m/n on inpu
t line 23.
LaTeX Font Info:    Overwriting math alphabet `\mathrm' in version `normal'
(Font)                  EU1/DejaVuSans(0)/m/n --> EU1/DejaVuSans(0)/m/n on inpu
t line 23.
LaTeX Font Info:    Overwriting math alphabet `\mathit' in version `normal'
(Font)                  OT1/cmr/m/it --> EU1/DejaVuSans(0)/m/it on input line 2
3.
LaTeX Font Info:    Overwriting math alphabet `\mathbf' in version `normal'
(Font)                  OT1/cmr/bx/n --> EU1/DejaVuSans(0)/bx/n on input line 2
3.
LaTeX Font Info:    Overwriting math alphabet `\mathsf' in version `normal'
(Font)                  OT1/cmss/m/n --> EU1/lmss/m/n on input line 23.
LaTeX Font Info:    Overwriting math alphabet `\mathtt' in version `normal'
(Font)                  OT1/cmtt/m/n --> EU1/lmtt/m/n on input line 23.
LaTeX Font Info:    Overwriting symbol font `operators' in version `bold'
(Font)                  EU1/DejaVuSans(0)/m/n --> EU1/DejaVuSans(0)/bx/n on inp
ut line 23.
LaTeX Font Info:    Overwriting math alphabet `\mathrm' in version `bold'
(Font)                  EU1/DejaVuSans(0)/m/n --> EU1/DejaVuSans(0)/bx/n on inp
ut line 23.
LaTeX Font Info:    Overwriting math alphabet `\mathit' in version `bold'
(Font)                  OT1/cmr/bx/it --> EU1/DejaVuSans(0)/bx/it on input line
 23.
LaTeX Font Info:    Overwriting math alphabet `\mathsf' in version `bold'
(Font)                  OT1/cmss/bx/n --> EU1/lmss/bx/n on input line 23.
LaTeX Font Info:    Overwriting math alphabet `\mathtt' in version `bold'
(Font)                  OT1/cmtt/m/n --> EU1/lmtt/bx/n on input line 23.
LaTeX Font Info:    External font `cmex10' loaded for size
(Font)              <14.4> on input line 25.
LaTeX Font Info:    External font `cmex10' loaded for size
(Font)              <7> on input line 25.
 [1

] (./Î Ï„Ï…Ï‡Î¹Î±ÎºÎ®Î•ÏÎ³Î±ÏƒÎ¯Î±.toc
LaTeX Font Info:    External font `cmex10' loaded for size
(Font)              <12> on input line 3.
LaTeX Font Info:    External font `cmex10' loaded for size
(Font)              <8> on input line 3.
LaTeX Font Info:    External font `cmex10' loaded for size
(Font)              <6> on input line 3.
)
\tf@toc=\write3
\openout3 = `Î Ï„Ï…Ï‡Î¹Î±ÎºÎ®Î•ÏÎ³Î±ÏƒÎ¯Î±.toc'.


Overfull \hbox (18.91446pt too wide) in paragraph at lines 33--42
\EU1/DejaVuSans(0)/m/n/12 (ÏƒÏ„Î¿ ÎµÏ€Î¯Ï€ÎµÎ´Î¿) Î® ÏƒÏ„ÎµÏÎµÏÎ½ (ÏƒÏ„Î¿Î½ Ï
‡ÏÏÎ¿). Î“ÎµÎ½Î¹ÎºÎ¬ Î¿ÏÎ¹ÏƒÎ¼Î­Î½Î¿, Ï„Î¿ Ï€ÏÏŒÎ²Î»Î·Î¼Î±
 []


Overfull \hbox (25.30537pt too wide) in paragraph at lines 33--42
\EU1/DejaVuSans(0)/m/n/12 Î— ÏÏ€Î±ÏÎ¾Î· Î±Î»Î³Î¿ÏÎ¹Î¸Î¼Î¹ÎºÏÎ½ Î»ÏÏƒÎµÏ‰Î½
 Ï…ÏˆÎ·Î»Î®Ï‚ Î±Ï€ÏŒÎ´Î¿ÏƒÎ·Ï‚ Î³Î¹Î± Ï„Î± Ï€ÏÎ¿Î²Î»Î®Î¼Î±Ï„Î±
 []


Overfull \hbox (8.27344pt too wide) in paragraph at lines 33--42
\EU1/DejaVuSans(0)/m/n/12 Î Î±ÏÎ±Î´ÎµÎ¯Î³Î¼Î±Ï„Î± Ï€ÎµÎ´Î¯Ï‰Î½ ÏƒÏ„Î± Î¿Ï€Î¿Î¯
Î± Ï‡ÏÎ·ÏƒÎ¹Î¼Î¿Ï€Î¿Î¹Î¿ÏÎ½Ï„Î±Î¹ Î¿Î¹ Î»ÏÏƒÎµÎ¹Ï‚ Î±Ï…Ï„Î­Ï‚
 []


Overfull \hbox (64.5375pt too wide) in paragraph at lines 33--42
\EU1/DejaVuSans(0)/m/n/12 Ï…Ï€Î¿Î»Î¿Î³Î¹ÏƒÏ„Î® (CAD), Ï„Î± ÏƒÏ…ÏƒÏ„Î®Î¼Î±Ï„Î± Ï
€Î»Î¿Î®Î³Î·ÏƒÎ·Ï‚, Ï„Î± Î³ÎµÏ‰Î³ÏÎ±Ï†Î¹ÎºÎ¬ Ï€Î»Î·ÏÎ¿Ï†Î¿ÏÎ¹Î±ÎºÎ¬
 []

[1]
Overfull \hbox (28.11328pt too wide) in paragraph at lines 43--44
\EU1/DejaVuSans(0)/m/n/12 ÏƒÎ·Î¼Î±ÏƒÎ¯Î± ÎºÎ±Î¸ÏÏ‚ Ï„Î± Ï„ÎµÎ»ÎµÏ…Ï„Î±Î¯Î± Ï‡Ï
ÏŒÎ½Î¹Î± Î· Ï‡ÏÎ®ÏƒÎ· Ï„ÎµÏÎ±ÎµÎ´ÏÎ¹ÎºÏÎ½ Ï€Î»ÎµÎ³Î¼Î¬Ï„Ï‰Î½
 []


Overfull \hbox (44.53125pt too wide) in paragraph at lines 43--44
\EU1/DejaVuSans(0)/m/n/12 (tetrahedral meshes) Î­Ï‡ÎµÎ¹ ÎµÏ†Î±ÏÎ¼Î¿ÏƒÏ„ÎµÎ¯ Î¼
Îµ ÎµÏ€Î¹Ï„Ï…Ï‡Î¯Î± Î³Î¹Î± Ï„Î·Î½ Î±Î½Î±Ï€Î±ÏÎ¬ÏƒÏ„Î±ÏƒÎ·
 []


Overfull \hbox (16.25977pt too wide) in paragraph at lines 43--44
\EU1/DejaVuSans(0)/m/n/12 Ï€ÎµÏÎ¯Ï€Î»Î¿ÎºÏ‰Î½ Ï„ÏÎ¹ÏƒÎ´Î¹Î¬ÏƒÏ„Î±Ï„Ï‰Î½ ÏŒÎ³Î
ºÏ‰Î½ ÏƒÎµ Î­Î½Î± Î¼ÎµÎ³Î¬Î»Î¿ ÎµÏÏÎ¿Ï‚ ÎµÏ†Î±ÏÎ¼Î¿Î³ÏÎ½. 
 []


Overfull \hbox (13.38867pt too wide) in paragraph at lines 45--46
\EU1/DejaVuSans(0)/m/n/12 ÎµÏÎ³Î±ÏƒÎ¯Î± Î±Ï…Ï„Î® Î¸Î± Î±ÏƒÏ‡Î¿Î»Î·Î¸Î¿ÏÎ¼Îµ Î
¼Îµ Ï„Î¿Î½ Î±Î»Î³ÏŒÏÎ¹Î¸Î¼Î¿ Ï€Î¿Ï… Ï€Î±ÏÎ¿Ï…ÏƒÎ¹Î¬Î¶ÎµÏ„Î±Î¹
 []


Overfull \hbox (10.88654pt too wide) in paragraph at lines 47--48
[]\EU1/DejaVuSans(0)/m/n/12 Î£ÎºÎ¿Ï€ÏŒÏ‚ Ï„Î·Ï‚ ÎµÏÎ³Î±ÏƒÎ¯Î±Ï‚ Î±Ï…Ï„Î®Ï‚ ÎµÎ
¯Î½Î±Î¹ Î· Î±Î½Î¬Ï€Ï„Ï…Î¾Î· Î¼Î¹Î±Ï‚ ÎµÎ½Î±Î»Î»Î±ÎºÏ„Î¹ÎºÎ®Ï‚
 []


Overfull \hbox (25.92188pt too wide) in paragraph at lines 47--48
\EU1/DejaVuSans(0)/m/n/12 Ï…Î»Î¿Ï€Î¿Î¯Î·ÏƒÎ·Ï‚ Ï„Ï‰Î½ Î±Î»Î³Î¿ÏÎ¯Î¸Î¼Ï‰Î½ Î±Ï…
Ï„ÏÎ½ Î· Î¿Ï€Î¿Î¯Î± Ï€ÏÎ¿Î¿ÏÎ¯Î¶ÎµÏ„Î±Î¹ Î³Î¹Î± ÎµÎºÏ„Î­Î»ÎµÏƒÎ·
 []


Overfull \hbox (34.84248pt too wide) in paragraph at lines 47--48
\EU1/DejaVuSans(0)/m/n/12 ÏÎ±Î³Î´Î±Î¯Î± Î±ÏÎ¾Î·ÏƒÎ· Ï„Î± Ï„ÎµÎ»ÎµÏ…Ï„Î±Î¯Î± Ï
‡ÏÏŒÎ½Î¹Î±. Î— Î±ÏÏ‡Î¹Ï„ÎµÎºÏ„Î¿Î½Î¹ÎºÎ® Ï„Ï‰Î½ ÏƒÏÎ³Ï‡ÏÎ¿Î½Ï‰Î½
 []

[2]
Overfull \hbox (93.6211pt too wide) in paragraph at lines 73--74
\EU1/DejaVuSans(0)/m/n/12 Î‘Ï€Î±Î¹Ï„Î®ÏƒÎµÎ¹Ï‚ ÏƒÏ…ÏƒÏ„Î®Î¼Î±Ï„Î¿Ï‚,Î¼Î¿ÏÏ†Î® 
Î±ÏÏ‡ÎµÎ¯Ï‰Î½ ÎµÎ¹ÏƒÏŒÎ´Î¿Ï…-ÎµÎ¾ÏŒÎ´Î¿Ï…,Ï€Î±ÏÎ¬Î¼ÎµÏ„ÏÎ¿Î¹(arguments) 
 []

(./Î Ï„Ï…Ï‡Î¹Î±ÎºÎ®Î•ÏÎ³Î±ÏƒÎ¯Î±.bbl [3]) [4] (./Î Ï„Ï…Ï‡Î¹Î±ÎºÎ®Î•ÏÎ³Î±ÏƒÎ¯Î
±.aux) ) 
Here is how much of TeX's memory you used:
 10753 strings out of 494534
 187326 string characters out of 3161602
 263375 words of memory out of 3000000
 13881 multiletter control sequences out of 15000+200000
 7433 words of font info for 44 fonts, out of 3000000 for 9000
 670 hyphenation exceptions out of 8191
 40i,6n,49p,759b,229s stack positions out of 5000i,500n,10000p,200000b,50000s

Output written on Î Ï„Ï…Ï‡Î¹Î±ÎºÎ®Î•ÏÎ³Î±ÏƒÎ¯Î±.pdf (5 pages).
